[0.225s] Invoking command in '/home/nextup/Downloads/colcon_ws/build/linkattacher_msgs': CMAKE_PREFIX_PATH=${CMAKE_PREFIX_PATH}:/opt/ros/humble /usr/bin/cmake --build /home/nextup/Downloads/colcon_ws/build/linkattacher_msgs -- -j16 -l16
[0.256s] [35m[1mConsolidate compiler generated dependencies of target linkattacher_msgs__rosidl_generator_c[0m
[0.266s] [  2%] Built target linkattacher_msgs__cpp
[0.266s] failed to create symbolic link '/home/nextup/Downloads/colcon_ws/build/linkattacher_msgs/ament_cmake_python/linkattacher_msgs/linkattacher_msgs' because existing path cannot be removed: Is a directory
[0.267s] gmake[2]: *** [CMakeFiles/ament_cmake_python_symlink_linkattacher_msgs.dir/build.make:70: CMakeFiles/ament_cmake_python_symlink_linkattacher_msgs] Error 1
[0.267s] gmake[1]: *** [CMakeFiles/Makefile2:421: CMakeFiles/ament_cmake_python_symlink_linkattacher_msgs.dir/all] Error 2
[0.267s] gmake[1]: *** Waiting for unfinished jobs....
[0.268s] [ 12%] Built target linkattacher_msgs__rosidl_generator_c
[0.276s] [35m[1mConsolidate compiler generated dependencies of target linkattacher_msgs__rosidl_typesupport_cpp[0m
[0.276s] [35m[1mConsolidate compiler generated dependencies of target linkattacher_msgs__rosidl_typesupport_fastrtps_cpp[0m
[0.279s] [35m[1mConsolidate compiler generated dependencies of target linkattacher_msgs__rosidl_typesupport_introspection_cpp[0m
[0.285s] [ 23%] Built target linkattacher_msgs__rosidl_typesupport_fastrtps_cpp
[0.286s] [ 33%] Built target linkattacher_msgs__rosidl_typesupport_cpp
[0.288s] [ 43%] Built target linkattacher_msgs__rosidl_typesupport_introspection_cpp
[0.289s] gmake: *** [Makefile:146: all] Error 2
[0.292s] Invoked command in '/home/nextup/Downloads/colcon_ws/build/linkattacher_msgs' returned '2': CMAKE_PREFIX_PATH=${CMAKE_PREFIX_PATH}:/opt/ros/humble /usr/bin/cmake --build /home/nextup/Downloads/colcon_ws/build/linkattacher_msgs -- -j16 -l16
